# JRE version: OpenJDK Runtime Environment (11.0.13) (build 11.0.13+0-b1751.21-8125866)
# Java VM: OpenJDK 64-Bit Server VM (11.0.13+0-b1751.21-8125866, mixed mode, tiered, compressed oops, g1 gc, windows-amd64)
Heap:
 garbage-first heap   total 312320K, used 224676K [0x0000000080000000, 0x0000000100000000)
  region size 1024K, 24 young (24576K), 2 survivors (2048K)
 Metaspace       used 114857K, capacity 117645K, committed 117924K, reserved 1150976K
  class space    used 14512K, capacity 15603K, committed 15692K, reserved 1048576K
GC Heap History (20 events):
Event: 118.133 GC heap before
{Heap before GC invocations=74 (full 0):
 garbage-first heap   total 247808K, used 215651K [0x0000000080000000, 0x0000000100000000)
  region size 1024K, 79 young (80896K), 3 survivors (3072K)
 Metaspace       used 108729K, capacity 111472K, committed 111524K, reserved 1146880K
  class space    used 13830K, capacity 14898K, committed 14924K, reserved 1048576K
}
Event: 118.144 GC heap after
{Heap after GC invocations=75 (full 0):
 garbage-first heap   total 247808K, used 139626K [0x0000000080000000, 0x0000000100000000)
  region size 1024K, 5 young (5120K), 5 survivors (5120K)
 Metaspace       used 108729K, capacity 111472K, committed 111524K, reserved 1146880K
  class space    used 13830K, capacity 14898K, committed 14924K, reserved 1048576K
}
Event: 118.974 GC heap before
{Heap before GC invocations=75 (full 0):
 garbage-first heap   total 247808K, used 214378K [0x0000000080000000, 0x0000000100000000)
  region size 1024K, 78 young (79872K), 5 survivors (5120K)
 Metaspace       used 108940K, capacity 111701K, committed 111908K, reserved 1146880K
  class space    used 13854K, capacity 14932K, committed 15052K, reserved 1048576K
}
Event: 119.003 GC heap after
{Heap after GC invocations=76 (full 0):
 garbage-first heap   total 247808K, used 138003K [0x0000000080000000, 0x0000000100000000)
  region size 1024K, 3 young (3072K), 3 survivors (3072K)
 Metaspace       used 108940K, capacity 111701K, committed 111908K, reserved 1146880K
  class space    used 13854K, capacity 14932K, committed 15052K, reserved 1048576K
}
Event: 119.632 GC heap before
{Heap before GC invocations=76 (full 0):
 garbage-first heap   total 247808K, used 215827K [0x0000000080000000, 0x0000000100000000)
  region size 1024K, 79 young (80896K), 3 survivors (3072K)
 Metaspace       used 109322K, capacity 112053K, committed 112420K, reserved 1146880K
  class space    used 13889K, capacity 14937K, committed 15052K, reserved 1048576K
}
Event: 119.644 GC heap after
{Heap after GC invocations=77 (full 0):
 garbage-first heap   total 297984K, used 139480K [0x0000000080000000, 0x0000000100000000)
  region size 1024K, 4 young (4096K), 4 survivors (4096K)
 Metaspace       used 109322K, capacity 112053K, committed 112420K, reserved 1146880K
  class space    used 13889K, capacity 14937K, committed 15052K, reserved 1048576K
}
Event: 120.496 GC heap before
{Heap before GC invocations=77 (full 0):
 garbage-first heap   total 297984K, used 247000K [0x0000000080000000, 0x0000000100000000)
  region size 1024K, 109 young (111616K), 4 survivors (4096K)
 Metaspace       used 109393K, capacity 112149K, committed 112420K, reserved 1146880K
  class space    used 13894K, capacity 14969K, committed 15052K, reserved 1048576K
}
Event: 120.512 GC heap after
{Heap after GC invocations=78 (full 0):
 garbage-first heap   total 297984K, used 142972K [0x0000000080000000, 0x0000000100000000)
  region size 1024K, 8 young (8192K), 8 survivors (8192K)
 Metaspace       used 109393K, capacity 112149K, committed 112420K, reserved 1146880K
  class space    used 13894K, capacity 14969K, committed 15052K, reserved 1048576K
}
Event: 121.674 GC heap before
{Heap before GC invocations=78 (full 0):
 garbage-first heap   total 297984K, used 249468K [0x0000000080000000, 0x0000000100000000)
  region size 1024K, 112 young (114688K), 8 survivors (8192K)
 Metaspace       used 109465K, capacity 112149K, committed 112420K, reserved 1146880K
  class space    used 13903K, capacity 14969K, committed 15052K, reserved 1048576K
}
Event: 121.697 GC heap after
{Heap after GC invocations=79 (full 0):
 garbage-first heap   total 297984K, used 145894K [0x0000000080000000, 0x0000000100000000)
  region size 1024K, 10 young (10240K), 10 survivors (10240K)
 Metaspace       used 109465K, capacity 112149K, committed 112420K, reserved 1146880K
  class space    used 13903K, capacity 14969K, committed 15052K, reserved 1048576K
}
Event: 122.974 GC heap before
{Heap before GC invocations=79 (full 0):
 garbage-first heap   total 297984K, used 251366K [0x0000000080000000, 0x0000000100000000)
  region size 1024K, 113 young (115712K), 10 survivors (10240K)
 Metaspace       used 110229K, capacity 112978K, committed 113316K, reserved 1146880K
  class space    used 13984K, capacity 15067K, committed 15180K, reserved 1048576K
}
Event: 122.991 GC heap after
{Heap after GC invocations=80 (full 0):
 garbage-first heap   total 297984K, used 143168K [0x0000000080000000, 0x0000000100000000)
  region size 1024K, 7 young (7168K), 7 survivors (7168K)
 Metaspace       used 110229K, capacity 112978K, committed 113316K, reserved 1146880K
  class space    used 13984K, capacity 15067K, committed 15180K, reserved 1048576K
}
Event: 129.834 GC heap before
{Heap before GC invocations=80 (full 0):
 garbage-first heap   total 297984K, used 251712K [0x0000000080000000, 0x0000000100000000)
  region size 1024K, 113 young (115712K), 7 survivors (7168K)
 Metaspace       used 114004K, capacity 116757K, committed 117028K, reserved 1150976K
  class space    used 14405K, capacity 15489K, committed 15564K, reserved 1048576K
}
Event: 129.863 GC heap after
{Heap after GC invocations=81 (full 0):
 garbage-first heap   total 297984K, used 150924K [0x0000000080000000, 0x0000000100000000)
  region size 1024K, 14 young (14336K), 14 survivors (14336K)
 Metaspace       used 114004K, capacity 116757K, committed 117028K, reserved 1150976K
  class space    used 14405K, capacity 15489K, committed 15564K, reserved 1048576K
}
Event: 130.861 GC heap before
{Heap before GC invocations=81 (full 0):
 garbage-first heap   total 297984K, used 198028K [0x0000000080000000, 0x0000000100000000)
  region size 1024K, 35 young (35840K), 14 survivors (14336K)
 Metaspace       used 114397K, capacity 117205K, committed 117412K, reserved 1150976K
  class space    used 14448K, capacity 15564K, committed 15692K, reserved 1048576K
}
Event: 130.887 GC heap after
{Heap after GC invocations=82 (full 0):
 garbage-first heap   total 297984K, used 182307K [0x0000000080000000, 0x0000000100000000)
  region size 1024K, 7 young (7168K), 7 survivors (7168K)
 Metaspace       used 114397K, capacity 117205K, committed 117412K, reserved 1150976K
  class space    used 14448K, capacity 15564K, committed 15692K, reserved 1048576K
}
Event: 131.626 GC heap before
{Heap before GC invocations=83 (full 0):
 garbage-first heap   total 297984K, used 295971K [0x0000000080000000, 0x0000000100000000)
  region size 1024K, 32 young (32768K), 7 survivors (7168K)
 Metaspace       used 114777K, capacity 117573K, committed 117668K, reserved 1150976K
  class space    used 14507K, capacity 15601K, committed 15692K, reserved 1048576K
}
Event: 131.641 GC heap after
{Heap after GC invocations=84 (full 0):
 garbage-first heap   total 312320K, used 223397K [0x0000000080000000, 0x0000000100000000)
  region size 1024K, 8 young (8192K), 8 survivors (8192K)
 Metaspace       used 114777K, capacity 117573K, committed 117668K, reserved 1150976K
  class space    used 14507K, capacity 15601K, committed 15692K, reserved 1048576K
}
Event: 131.855 GC heap before
{Heap before GC invocations=84 (full 0):
 garbage-first heap   total 312320K, used 231589K [0x0000000080000000, 0x0000000100000000)
  region size 1024K, 15 young (15360K), 8 survivors (8192K)
 Metaspace       used 114826K, capacity 117644K, committed 117924K, reserved 1150976K
  class space    used 14512K, capacity 15603K, committed 15692K, reserved 1048576K
}
Event: 131.872 GC heap after
{Heap after GC invocations=85 (full 0):
 garbage-first heap   total 312320K, used 203172K [0x0000000080000000, 0x0000000100000000)
  region size 1024K, 2 young (2048K), 2 survivors (2048K)
 Metaspace       used 114826K, capacity 117644K, committed 117924K, reserved 1150976K
  class space    used 14512K, capacity 15603K, committed 15692K, reserved 1048576K
}

