# JRE version: OpenJDK Runtime Environment (11.0.13) (build 11.0.13+0-b1751.21-8125866)
# Java VM: OpenJDK 64-Bit Server VM (11.0.13+0-b1751.21-8125866, mixed mode, tiered, compressed oops, g1 gc, windows-amd64)
Heap:
 garbage-first heap   total 212992K, used 141507K [0x0000000080000000, 0x0000000100000000)
  region size 1024K, 2 young (2048K), 2 survivors (2048K)
 Metaspace       used 87253K, capacity 89284K, committed 89468K, reserved 1126400K
  class space    used 11188K, capacity 11936K, committed 11980K, reserved 1048576K
GC Heap History (20 events):
Event: 151.540 GC heap after
{Heap after GC invocations=109 (full 0):
 garbage-first heap   total 177152K, used 139825K [0x0000000080000000, 0x0000000100000000)
  region size 1024K, 1 young (1024K), 1 survivors (1024K)
 Metaspace       used 81144K, capacity 83141K, committed 83324K, reserved 1122304K
  class space    used 10446K, capacity 11140K, committed 11212K, reserved 1048576K
}
Event: 151.758 GC heap before
{Heap before GC invocations=109 (full 0):
 garbage-first heap   total 177152K, used 149041K [0x0000000080000000, 0x0000000100000000)
  region size 1024K, 10 young (10240K), 1 survivors (1024K)
 Metaspace       used 81269K, capacity 83296K, committed 83452K, reserved 1122304K
  class space    used 10459K, capacity 11209K, committed 11340K, reserved 1048576K
}
Event: 151.763 GC heap after
{Heap after GC invocations=110 (full 0):
 garbage-first heap   total 177152K, used 140118K [0x0000000080000000, 0x0000000100000000)
  region size 1024K, 2 young (2048K), 2 survivors (2048K)
 Metaspace       used 81269K, capacity 83296K, committed 83452K, reserved 1122304K
  class space    used 10459K, capacity 11209K, committed 11340K, reserved 1048576K
}
Event: 152.118 GC heap before
{Heap before GC invocations=110 (full 0):
 garbage-first heap   total 177152K, used 149334K [0x0000000080000000, 0x0000000100000000)
  region size 1024K, 11 young (11264K), 2 survivors (2048K)
 Metaspace       used 81423K, capacity 83424K, committed 83708K, reserved 1122304K
  class space    used 10484K, capacity 11209K, committed 11340K, reserved 1048576K
}
Event: 152.123 GC heap after
{Heap after GC invocations=111 (full 0):
 garbage-first heap   total 177152K, used 140258K [0x0000000080000000, 0x0000000100000000)
  region size 1024K, 1 young (1024K), 1 survivors (1024K)
 Metaspace       used 81423K, capacity 83424K, committed 83708K, reserved 1122304K
  class space    used 10484K, capacity 11209K, committed 11340K, reserved 1048576K
}
Event: 152.227 GC heap before
{Heap before GC invocations=112 (full 0):
 garbage-first heap   total 177152K, used 149474K [0x0000000080000000, 0x0000000100000000)
  region size 1024K, 10 young (10240K), 1 survivors (1024K)
 Metaspace       used 81723K, capacity 83776K, committed 83964K, reserved 1122304K
  class space    used 10513K, capacity 11241K, committed 11340K, reserved 1048576K
}
Event: 152.231 GC heap after
{Heap after GC invocations=113 (full 0):
 garbage-first heap   total 177152K, used 140240K [0x0000000080000000, 0x0000000100000000)
  region size 1024K, 1 young (1024K), 1 survivors (1024K)
 Metaspace       used 81723K, capacity 83776K, committed 83964K, reserved 1122304K
  class space    used 10513K, capacity 11241K, committed 11340K, reserved 1048576K
}
Event: 152.341 GC heap before
{Heap before GC invocations=113 (full 0):
 garbage-first heap   total 177152K, used 150480K [0x0000000080000000, 0x0000000100000000)
  region size 1024K, 11 young (11264K), 1 survivors (1024K)
 Metaspace       used 82051K, capacity 84160K, committed 84220K, reserved 1122304K
  class space    used 10558K, capacity 11305K, committed 11340K, reserved 1048576K
}
Event: 152.346 GC heap after
{Heap after GC invocations=114 (full 0):
 garbage-first heap   total 177152K, used 140190K [0x0000000080000000, 0x0000000100000000)
  region size 1024K, 1 young (1024K), 1 survivors (1024K)
 Metaspace       used 82051K, capacity 84160K, committed 84220K, reserved 1122304K
  class space    used 10558K, capacity 11305K, committed 11340K, reserved 1048576K
}
Event: 152.809 GC heap before
{Heap before GC invocations=115 (full 0):
 garbage-first heap   total 177152K, used 149406K [0x0000000080000000, 0x0000000100000000)
  region size 1024K, 11 young (11264K), 1 survivors (1024K)
 Metaspace       used 82362K, capacity 84460K, committed 84604K, reserved 1122304K
  class space    used 10595K, capacity 11339K, committed 11468K, reserved 1048576K
}
Event: 152.817 GC heap after
{Heap after GC invocations=116 (full 0):
 garbage-first heap   total 177152K, used 140298K [0x0000000080000000, 0x0000000100000000)
  region size 1024K, 1 young (1024K), 1 survivors (1024K)
 Metaspace       used 82362K, capacity 84460K, committed 84604K, reserved 1122304K
  class space    used 10595K, capacity 11339K, committed 11468K, reserved 1048576K
}
Event: 153.013 GC heap before
{Heap before GC invocations=116 (full 0):
 garbage-first heap   total 177152K, used 142346K [0x0000000080000000, 0x0000000100000000)
  region size 1024K, 4 young (4096K), 1 survivors (1024K)
 Metaspace       used 82794K, capacity 84818K, committed 85116K, reserved 1122304K
  class space    used 10632K, capacity 11372K, committed 11468K, reserved 1048576K
}
Event: 153.017 GC heap after
{Heap after GC invocations=117 (full 0):
 garbage-first heap   total 177152K, used 140884K [0x0000000080000000, 0x0000000100000000)
  region size 1024K, 2 young (2048K), 2 survivors (2048K)
 Metaspace       used 82794K, capacity 84818K, committed 85116K, reserved 1122304K
  class space    used 10632K, capacity 11372K, committed 11468K, reserved 1048576K
}
Event: 153.682 GC heap before
{Heap before GC invocations=118 (full 0):
 garbage-first heap   total 177152K, used 150100K [0x0000000080000000, 0x0000000100000000)
  region size 1024K, 10 young (10240K), 2 survivors (2048K)
 Metaspace       used 83978K, capacity 86040K, committed 86140K, reserved 1124352K
  class space    used 10699K, capacity 11438K, committed 11468K, reserved 1048576K
}
Event: 153.689 GC heap after
{Heap after GC invocations=119 (full 0):
 garbage-first heap   total 177152K, used 140622K [0x0000000080000000, 0x0000000100000000)
  region size 1024K, 1 young (1024K), 1 survivors (1024K)
 Metaspace       used 83978K, capacity 86040K, committed 86140K, reserved 1124352K
  class space    used 10699K, capacity 11438K, committed 11468K, reserved 1048576K
}
Event: 154.387 GC heap before
{Heap before GC invocations=119 (full 0):
 garbage-first heap   total 177152K, used 149838K [0x0000000080000000, 0x0000000100000000)
  region size 1024K, 10 young (10240K), 1 survivors (1024K)
 Metaspace       used 85278K, capacity 87362K, committed 87676K, reserved 1126400K
  class space    used 10865K, capacity 11601K, committed 11724K, reserved 1048576K
}
Event: 154.394 GC heap after
{Heap after GC invocations=120 (full 0):
 garbage-first heap   total 177152K, used 140750K [0x0000000080000000, 0x0000000100000000)
  region size 1024K, 1 young (1024K), 1 survivors (1024K)
 Metaspace       used 85278K, capacity 87362K, committed 87676K, reserved 1126400K
  class space    used 10865K, capacity 11601K, committed 11724K, reserved 1048576K
}
Event: 155.044 GC heap before
{Heap before GC invocations=121 (full 0):
 garbage-first heap   total 177152K, used 149966K [0x0000000080000000, 0x0000000100000000)
  region size 1024K, 10 young (10240K), 1 survivors (1024K)
 Metaspace       used 86287K, capacity 88334K, committed 88572K, reserved 1126400K
  class space    used 11010K, capacity 11732K, committed 11852K, reserved 1048576K
}
Event: 155.050 GC heap after
{Heap after GC invocations=122 (full 0):
 garbage-first heap   total 177152K, used 141188K [0x0000000080000000, 0x0000000100000000)
  region size 1024K, 2 young (2048K), 2 survivors (2048K)
 Metaspace       used 86287K, capacity 88334K, committed 88572K, reserved 1126400K
  class space    used 11010K, capacity 11732K, committed 11852K, reserved 1048576K
}
Event: 155.377 GC heap before
{Heap before GC invocations=122 (full 0):
 garbage-first heap   total 177152K, used 150404K [0x0000000080000000, 0x0000000100000000)
  region size 1024K, 11 young (11264K), 2 survivors (2048K)
 Metaspace       used 87253K, capacity 89284K, committed 89468K, reserved 1126400K
  class space    used 11188K, capacity 11936K, committed 11980K, reserved 1048576K
}

